{"/Users/andelarwanda/Desktop/klab-Api/app.js": {"path":"/Users/andelarwanda/Desktop/klab-Api/app.js","statementMap":{"0":{"start":{"line":1,"column":0},"end":{"line":1,"column":27}},"1":{"start":{"line":2,"column":15},"end":{"line":2,"column":34}},"2":{"start":{"line":3,"column":14},"end":{"line":3,"column":32}},"3":{"start":{"line":4,"column":10},"end":{"line":4,"column":19}},"4":{"start":{"line":5,"column":11},"end":{"line":5,"column":26}},"5":{"start":{"line":6,"column":16},"end":{"line":6,"column":40}},"6":{"start":{"line":7,"column":16},"end":{"line":7,"column":40}},"7":{"start":{"line":8,"column":16},"end":{"line":8,"column":40}},"8":{"start":{"line":9,"column":18},"end":{"line":9,"column":44}},"9":{"start":{"line":10,"column":19},"end":{"line":10,"column":47}},"10":{"start":{"line":11,"column":18},"end":{"line":11,"column":52}},"11":{"start":{"line":12,"column":0},"end":{"line":12,"column":24}},"12":{"start":{"line":13,"column":0},"end":{"line":13,"column":27}},"13":{"start":{"line":14,"column":0},"end":{"line":14,"column":34}},"14":{"start":{"line":15,"column":0},"end":{"line":16,"column":38}},"15":{"start":{"line":17,"column":0},"end":{"line":17,"column":17}},"16":{"start":{"line":18,"column":0},"end":{"line":18,"column":31}},"17":{"start":{"line":19,"column":0},"end":{"line":19,"column":32}},"18":{"start":{"line":20,"column":0},"end":{"line":20,"column":32}},"19":{"start":{"line":21,"column":0},"end":{"line":21,"column":35}},"20":{"start":{"line":22,"column":0},"end":{"line":22,"column":37}},"21":{"start":{"line":23,"column":0},"end":{"line":23,"column":18}}},"fnMap":{},"branchMap":{},"s":{"0":1,"1":1,"2":1,"3":1,"4":1,"5":1,"6":1,"7":1,"8":1,"9":1,"10":1,"11":1,"12":1,"13":1,"14":1,"15":1,"16":1,"17":1,"18":1,"19":1,"20":1,"21":1},"f":{},"b":{},"_coverageSchema":"1a1c01bbd47fc00a2c39e90264f33305004495a9","hash":"a80e59e4a19b63c55b780381bdb0dca46e237041"}
,"/Users/andelarwanda/Desktop/klab-Api/controllers/commentController.js": {"path":"/Users/andelarwanda/Desktop/klab-Api/controllers/commentController.js","statementMap":{"0":{"start":{"line":2,"column":11},"end":{"line":2,"column":36}},"1":{"start":{"line":3,"column":14},"end":{"line":3,"column":42}},"2":{"start":{"line":4,"column":11},"end":{"line":4,"column":36}},"3":{"start":{"line":5,"column":0},"end":{"line":26,"column":2}},"4":{"start":{"line":7,"column":17},"end":{"line":7,"column":50}},"5":{"start":{"line":8,"column":4},"end":{"line":10,"column":5}},"6":{"start":{"line":9,"column":6},"end":{"line":9,"column":63}},"7":{"start":{"line":11,"column":17},"end":{"line":11,"column":51}},"8":{"start":{"line":12,"column":4},"end":{"line":12,"column":68}},"9":{"start":{"line":12,"column":13},"end":{"line":12,"column":68}},"10":{"start":{"line":14,"column":18},"end":{"line":20,"column":4}},"11":{"start":{"line":21,"column":2},"end":{"line":21,"column":23}},"12":{"start":{"line":23,"column":2},"end":{"line":23,"column":30}},"13":{"start":{"line":24,"column":2},"end":{"line":24,"column":20}},"14":{"start":{"line":25,"column":2},"end":{"line":25,"column":27}},"15":{"start":{"line":27,"column":0},"end":{"line":30,"column":1}},"16":{"start":{"line":28,"column":16},"end":{"line":28,"column":36}},"17":{"start":{"line":29,"column":2},"end":{"line":29,"column":19}},"18":{"start":{"line":31,"column":0},"end":{"line":34,"column":1}},"19":{"start":{"line":32,"column":2},"end":{"line":32,"column":56}},"20":{"start":{"line":33,"column":2},"end":{"line":33,"column":56}}},"fnMap":{"0":{"name":"(anonymous_0)","decl":{"start":{"line":5,"column":22},"end":{"line":5,"column":23}},"loc":{"start":{"line":5,"column":42},"end":{"line":26,"column":1}},"line":5},"1":{"name":"(anonymous_1)","decl":{"start":{"line":27,"column":20},"end":{"line":27,"column":21}},"loc":{"start":{"line":27,"column":37},"end":{"line":30,"column":1}},"line":27},"2":{"name":"(anonymous_2)","decl":{"start":{"line":31,"column":23},"end":{"line":31,"column":24}},"loc":{"start":{"line":31,"column":40},"end":{"line":34,"column":1}},"line":31}},"branchMap":{"0":{"loc":{"start":{"line":8,"column":4},"end":{"line":10,"column":5}},"type":"if","locations":[{"start":{"line":8,"column":4},"end":{"line":10,"column":5}},{"start":{},"end":{}}],"line":8},"1":{"loc":{"start":{"line":12,"column":4},"end":{"line":12,"column":68}},"type":"if","locations":[{"start":{"line":12,"column":4},"end":{"line":12,"column":68}},{"start":{},"end":{}}],"line":12}},"s":{"0":1,"1":1,"2":1,"3":1,"4":0,"5":0,"6":0,"7":0,"8":0,"9":0,"10":0,"11":0,"12":0,"13":0,"14":0,"15":1,"16":0,"17":0,"18":1,"19":0,"20":0},"f":{"0":0,"1":0,"2":0},"b":{"0":[0,0],"1":[0,0]},"_coverageSchema":"1a1c01bbd47fc00a2c39e90264f33305004495a9","hash":"338c5f313f17b8d94a7d92d83153c54d30d8f8af"}
,"/Users/andelarwanda/Desktop/klab-Api/controllers/estateController.js": {"path":"/Users/andelarwanda/Desktop/klab-Api/controllers/estateController.js","statementMap":{"0":{"start":{"line":1,"column":13},"end":{"line":1,"column":40}},"1":{"start":{"line":2,"column":17},"end":{"line":2,"column":49}},"2":{"start":{"line":3,"column":11},"end":{"line":3,"column":36}},"3":{"start":{"line":5,"column":0},"end":{"line":40,"column":1}},"4":{"start":{"line":6,"column":4},"end":{"line":39,"column":5}},"5":{"start":{"line":7,"column":21},"end":{"line":7,"column":54}},"6":{"start":{"line":8,"column":8},"end":{"line":10,"column":9}},"7":{"start":{"line":9,"column":10},"end":{"line":9,"column":67}},"8":{"start":{"line":11,"column":20},"end":{"line":11,"column":29}},"9":{"start":{"line":12,"column":18},"end":{"line":12,"column":20}},"10":{"start":{"line":13,"column":8},"end":{"line":16,"column":9}},"11":{"start":{"line":14,"column":25},"end":{"line":14,"column":68}},"12":{"start":{"line":15,"column":12},"end":{"line":15,"column":39}},"13":{"start":{"line":17,"column":25},"end":{"line":34,"column":14}},"14":{"start":{"line":35,"column":12},"end":{"line":35,"column":32}},"15":{"start":{"line":36,"column":12},"end":{"line":36,"column":47}},"16":{"start":{"line":38,"column":8},"end":{"line":38,"column":52}},"17":{"start":{"line":41,"column":0},"end":{"line":44,"column":1}},"18":{"start":{"line":42,"column":17},"end":{"line":42,"column":36}},"19":{"start":{"line":43,"column":4},"end":{"line":43,"column":39}},"20":{"start":{"line":45,"column":0},"end":{"line":48,"column":1}},"21":{"start":{"line":46,"column":17},"end":{"line":46,"column":53}},"22":{"start":{"line":47,"column":4},"end":{"line":47,"column":39}},"23":{"start":{"line":49,"column":0},"end":{"line":57,"column":1}},"24":{"start":{"line":50,"column":17},"end":{"line":50,"column":62}},"25":{"start":{"line":51,"column":4},"end":{"line":55,"column":5}},"26":{"start":{"line":52,"column":8},"end":{"line":54,"column":9}},"27":{"start":{"line":53,"column":12},"end":{"line":53,"column":53}},"28":{"start":{"line":56,"column":4},"end":{"line":56,"column":65}},"29":{"start":{"line":58,"column":0},"end":{"line":100,"column":1}},"30":{"start":{"line":59,"column":17},"end":{"line":59,"column":50}},"31":{"start":{"line":60,"column":4},"end":{"line":62,"column":5}},"32":{"start":{"line":61,"column":6},"end":{"line":61,"column":63}},"33":{"start":{"line":63,"column":17},"end":{"line":63,"column":53}},"34":{"start":{"line":64,"column":4},"end":{"line":64,"column":73}},"35":{"start":{"line":64,"column":16},"end":{"line":64,"column":73}},"36":{"start":{"line":65,"column":4},"end":{"line":99,"column":9}},"37":{"start":{"line":66,"column":8},"end":{"line":70,"column":9}},"38":{"start":{"line":67,"column":12},"end":{"line":69,"column":13}},"39":{"start":{"line":68,"column":16},"end":{"line":68,"column":57}},"40":{"start":{"line":71,"column":20},"end":{"line":71,"column":29}},"41":{"start":{"line":72,"column":18},"end":{"line":72,"column":20}},"42":{"start":{"line":73,"column":8},"end":{"line":76,"column":9}},"43":{"start":{"line":74,"column":25},"end":{"line":74,"column":68}},"44":{"start":{"line":75,"column":12},"end":{"line":75,"column":39}},"45":{"start":{"line":77,"column":30},"end":{"line":92,"column":24}},"46":{"start":{"line":93,"column":10},"end":{"line":96,"column":13}},"47":{"start":{"line":98,"column":12},"end":{"line":98,"column":74}}},"fnMap":{"0":{"name":"(anonymous_0)","decl":{"start":{"line":5,"column":15},"end":{"line":5,"column":16}},"loc":{"start":{"line":5,"column":31},"end":{"line":40,"column":1}},"line":5},"1":{"name":"(anonymous_1)","decl":{"start":{"line":41,"column":15},"end":{"line":41,"column":16}},"loc":{"start":{"line":41,"column":31},"end":{"line":44,"column":1}},"line":41},"2":{"name":"(anonymous_2)","decl":{"start":{"line":45,"column":18},"end":{"line":45,"column":19}},"loc":{"start":{"line":45,"column":34},"end":{"line":48,"column":1}},"line":45},"3":{"name":"(anonymous_3)","decl":{"start":{"line":49,"column":21},"end":{"line":49,"column":22}},"loc":{"start":{"line":49,"column":37},"end":{"line":57,"column":1}},"line":49},"4":{"name":"(anonymous_4)","decl":{"start":{"line":58,"column":21},"end":{"line":58,"column":22}},"loc":{"start":{"line":58,"column":37},"end":{"line":100,"column":1}},"line":58}},"branchMap":{"0":{"loc":{"start":{"line":8,"column":8},"end":{"line":10,"column":9}},"type":"if","locations":[{"start":{"line":8,"column":8},"end":{"line":10,"column":9}},{"start":{},"end":{}}],"line":8},"1":{"loc":{"start":{"line":51,"column":4},"end":{"line":55,"column":5}},"type":"if","locations":[{"start":{"line":51,"column":4},"end":{"line":55,"column":5}},{"start":{},"end":{}}],"line":51},"2":{"loc":{"start":{"line":60,"column":4},"end":{"line":62,"column":5}},"type":"if","locations":[{"start":{"line":60,"column":4},"end":{"line":62,"column":5}},{"start":{},"end":{}}],"line":60},"3":{"loc":{"start":{"line":64,"column":4},"end":{"line":64,"column":73}},"type":"if","locations":[{"start":{"line":64,"column":4},"end":{"line":64,"column":73}},{"start":{},"end":{}}],"line":64},"4":{"loc":{"start":{"line":66,"column":8},"end":{"line":70,"column":9}},"type":"if","locations":[{"start":{"line":66,"column":8},"end":{"line":70,"column":9}},{"start":{},"end":{}}],"line":66}},"s":{"0":1,"1":1,"2":1,"3":1,"4":0,"5":0,"6":0,"7":0,"8":0,"9":0,"10":0,"11":0,"12":0,"13":0,"14":0,"15":0,"16":0,"17":1,"18":0,"19":0,"20":1,"21":0,"22":0,"23":1,"24":0,"25":0,"26":0,"27":0,"28":0,"29":1,"30":0,"31":0,"32":0,"33":0,"34":0,"35":0,"36":0,"37":0,"38":0,"39":0,"40":0,"41":0,"42":0,"43":0,"44":0,"45":0,"46":0,"47":0},"f":{"0":0,"1":0,"2":0,"3":0,"4":0},"b":{"0":[0,0],"1":[0,0],"2":[0,0],"3":[0,0],"4":[0,0]},"_coverageSchema":"1a1c01bbd47fc00a2c39e90264f33305004495a9","hash":"553fc3fdbedea5b870b07ce208195a7965476730"}
,"/Users/andelarwanda/Desktop/klab-Api/controllers/likeController.js": {"path":"/Users/andelarwanda/Desktop/klab-Api/controllers/likeController.js","statementMap":{"0":{"start":{"line":1,"column":13},"end":{"line":1,"column":40}},"1":{"start":{"line":2,"column":0},"end":{"line":15,"column":1}},"2":{"start":{"line":3,"column":4},"end":{"line":14,"column":5}},"3":{"start":{"line":4,"column":21},"end":{"line":4,"column":64}},"4":{"start":{"line":5,"column":8},"end":{"line":7,"column":9}},"5":{"start":{"line":6,"column":12},"end":{"line":6,"column":67}},"6":{"start":{"line":8,"column":8},"end":{"line":10,"column":10}},"7":{"start":{"line":11,"column":8},"end":{"line":11,"column":54}},"8":{"start":{"line":13,"column":8},"end":{"line":13,"column":33}},"9":{"start":{"line":16,"column":0},"end":{"line":29,"column":1}},"10":{"start":{"line":17,"column":4},"end":{"line":28,"column":5}},"11":{"start":{"line":18,"column":21},"end":{"line":18,"column":64}},"12":{"start":{"line":19,"column":8},"end":{"line":21,"column":9}},"13":{"start":{"line":20,"column":12},"end":{"line":20,"column":67}},"14":{"start":{"line":22,"column":8},"end":{"line":24,"column":10}},"15":{"start":{"line":25,"column":8},"end":{"line":25,"column":56}},"16":{"start":{"line":27,"column":8},"end":{"line":27,"column":33}}},"fnMap":{"0":{"name":"(anonymous_0)","decl":{"start":{"line":2,"column":15},"end":{"line":2,"column":16}},"loc":{"start":{"line":2,"column":35},"end":{"line":15,"column":1}},"line":2},"1":{"name":"(anonymous_1)","decl":{"start":{"line":16,"column":17},"end":{"line":16,"column":18}},"loc":{"start":{"line":16,"column":37},"end":{"line":29,"column":1}},"line":16}},"branchMap":{"0":{"loc":{"start":{"line":5,"column":8},"end":{"line":7,"column":9}},"type":"if","locations":[{"start":{"line":5,"column":8},"end":{"line":7,"column":9}},{"start":{},"end":{}}],"line":5},"1":{"loc":{"start":{"line":19,"column":8},"end":{"line":21,"column":9}},"type":"if","locations":[{"start":{"line":19,"column":8},"end":{"line":21,"column":9}},{"start":{},"end":{}}],"line":19}},"s":{"0":1,"1":1,"2":0,"3":0,"4":0,"5":0,"6":0,"7":0,"8":0,"9":1,"10":0,"11":0,"12":0,"13":0,"14":0,"15":0,"16":0},"f":{"0":0,"1":0},"b":{"0":[0,0],"1":[0,0]},"_coverageSchema":"1a1c01bbd47fc00a2c39e90264f33305004495a9","hash":"3ad7272a0937d35e089c698187d7a6cc05499c08"}
,"/Users/andelarwanda/Desktop/klab-Api/controllers/messageController.js": {"path":"/Users/andelarwanda/Desktop/klab-Api/controllers/messageController.js","statementMap":{"0":{"start":{"line":2,"column":14},"end":{"line":2,"column":42}},"1":{"start":{"line":3,"column":13},"end":{"line":3,"column":40}},"2":{"start":{"line":4,"column":0},"end":{"line":14,"column":1}},"3":{"start":{"line":5,"column":19},"end":{"line":10,"column":6}},"4":{"start":{"line":11,"column":4},"end":{"line":11,"column":25}},"5":{"start":{"line":12,"column":4},"end":{"line":12,"column":57}},"6":{"start":{"line":13,"column":4},"end":{"line":13,"column":83}},"7":{"start":{"line":15,"column":0},"end":{"line":18,"column":1}},"8":{"start":{"line":16,"column":18},"end":{"line":16,"column":38}},"9":{"start":{"line":17,"column":4},"end":{"line":17,"column":87}},"10":{"start":{"line":19,"column":0},"end":{"line":22,"column":1}},"11":{"start":{"line":20,"column":18},"end":{"line":20,"column":55}},"12":{"start":{"line":21,"column":4},"end":{"line":21,"column":86}},"13":{"start":{"line":23,"column":0},"end":{"line":26,"column":1}},"14":{"start":{"line":24,"column":4},"end":{"line":24,"column":50}},"15":{"start":{"line":25,"column":4},"end":{"line":25,"column":73}},"16":{"start":{"line":27,"column":0},"end":{"line":32,"column":1}},"17":{"start":{"line":28,"column":18},"end":{"line":30,"column":17}},"18":{"start":{"line":31,"column":4},"end":{"line":31,"column":86}}},"fnMap":{"0":{"name":"(anonymous_0)","decl":{"start":{"line":4,"column":15},"end":{"line":4,"column":16}},"loc":{"start":{"line":4,"column":31},"end":{"line":14,"column":1}},"line":4},"1":{"name":"(anonymous_1)","decl":{"start":{"line":15,"column":20},"end":{"line":15,"column":21}},"loc":{"start":{"line":15,"column":36},"end":{"line":18,"column":1}},"line":15},"2":{"name":"(anonymous_2)","decl":{"start":{"line":19,"column":18},"end":{"line":19,"column":19}},"loc":{"start":{"line":19,"column":34},"end":{"line":22,"column":1}},"line":19},"3":{"name":"(anonymous_3)","decl":{"start":{"line":23,"column":15},"end":{"line":23,"column":16}},"loc":{"start":{"line":23,"column":31},"end":{"line":26,"column":1}},"line":23},"4":{"name":"(anonymous_4)","decl":{"start":{"line":27,"column":15},"end":{"line":27,"column":16}},"loc":{"start":{"line":27,"column":31},"end":{"line":32,"column":1}},"line":27}},"branchMap":{},"s":{"0":1,"1":1,"2":1,"3":0,"4":0,"5":0,"6":0,"7":1,"8":0,"9":0,"10":1,"11":0,"12":0,"13":1,"14":0,"15":0,"16":1,"17":0,"18":0},"f":{"0":0,"1":0,"2":0,"3":0,"4":0},"b":{},"_coverageSchema":"1a1c01bbd47fc00a2c39e90264f33305004495a9","hash":"8f223c41cc4826a13945a6622c75ade19ad2a8b7"}
,"/Users/andelarwanda/Desktop/klab-Api/controllers/postController.js": {"path":"/Users/andelarwanda/Desktop/klab-Api/controllers/postController.js","statementMap":{"0":{"start":{"line":1,"column":11},"end":{"line":1,"column":36}},"1":{"start":{"line":2,"column":11},"end":{"line":2,"column":36}},"2":{"start":{"line":3,"column":17},"end":{"line":3,"column":49}},"3":{"start":{"line":5,"column":0},"end":{"line":28,"column":1}},"4":{"start":{"line":6,"column":4},"end":{"line":27,"column":5}},"5":{"start":{"line":7,"column":21},"end":{"line":7,"column":54}},"6":{"start":{"line":8,"column":8},"end":{"line":10,"column":9}},"7":{"start":{"line":9,"column":10},"end":{"line":9,"column":67}},"8":{"start":{"line":11,"column":8},"end":{"line":11,"column":25}},"9":{"start":{"line":12,"column":23},"end":{"line":12,"column":70}},"10":{"start":{"line":13,"column":21},"end":{"line":19,"column":10}},"11":{"start":{"line":21,"column":8},"end":{"line":21,"column":26}},"12":{"start":{"line":22,"column":8},"end":{"line":22,"column":34}},"13":{"start":{"line":23,"column":8},"end":{"line":23,"column":26}},"14":{"start":{"line":24,"column":8},"end":{"line":24,"column":35}},"15":{"start":{"line":26,"column":8},"end":{"line":26,"column":36}},"16":{"start":{"line":29,"column":0},"end":{"line":38,"column":1}},"17":{"start":{"line":30,"column":4},"end":{"line":37,"column":5}},"18":{"start":{"line":31,"column":19},"end":{"line":32,"column":98}},"19":{"start":{"line":34,"column":8},"end":{"line":34,"column":41}},"20":{"start":{"line":36,"column":8},"end":{"line":36,"column":45}},"21":{"start":{"line":39,"column":0},"end":{"line":51,"column":1}},"22":{"start":{"line":40,"column":4},"end":{"line":50,"column":5}},"23":{"start":{"line":41,"column":19},"end":{"line":41,"column":62}},"24":{"start":{"line":42,"column":8},"end":{"line":46,"column":9}},"25":{"start":{"line":43,"column":12},"end":{"line":45,"column":13}},"26":{"start":{"line":44,"column":16},"end":{"line":44,"column":57}},"27":{"start":{"line":47,"column":8},"end":{"line":47,"column":66}},"28":{"start":{"line":49,"column":8},"end":{"line":49,"column":47}},"29":{"start":{"line":52,"column":0},"end":{"line":69,"column":1}},"30":{"start":{"line":53,"column":4},"end":{"line":68,"column":11}},"31":{"start":{"line":54,"column":19},"end":{"line":54,"column":53}},"32":{"start":{"line":55,"column":8},"end":{"line":55,"column":54}},"33":{"start":{"line":56,"column":23},"end":{"line":56,"column":70}},"34":{"start":{"line":57,"column":28},"end":{"line":61,"column":24}},"35":{"start":{"line":62,"column":10},"end":{"line":65,"column":13}},"36":{"start":{"line":67,"column":12},"end":{"line":67,"column":74}},"37":{"start":{"line":70,"column":0},"end":{"line":77,"column":1}},"38":{"start":{"line":71,"column":4},"end":{"line":76,"column":5}},"39":{"start":{"line":72,"column":19},"end":{"line":72,"column":76}},"40":{"start":{"line":73,"column":8},"end":{"line":73,"column":78}},"41":{"start":{"line":75,"column":8},"end":{"line":75,"column":45}},"42":{"start":{"line":78,"column":0},"end":{"line":85,"column":1}},"43":{"start":{"line":79,"column":4},"end":{"line":84,"column":5}},"44":{"start":{"line":80,"column":22},"end":{"line":80,"column":94}},"45":{"start":{"line":81,"column":6},"end":{"line":81,"column":59}},"46":{"start":{"line":83,"column":6},"end":{"line":83,"column":77}}},"fnMap":{"0":{"name":"(anonymous_0)","decl":{"start":{"line":5,"column":15},"end":{"line":5,"column":16}},"loc":{"start":{"line":5,"column":31},"end":{"line":28,"column":1}},"line":5},"1":{"name":"(anonymous_1)","decl":{"start":{"line":29,"column":16},"end":{"line":29,"column":17}},"loc":{"start":{"line":29,"column":32},"end":{"line":38,"column":1}},"line":29},"2":{"name":"(anonymous_2)","decl":{"start":{"line":39,"column":19},"end":{"line":39,"column":20}},"loc":{"start":{"line":39,"column":35},"end":{"line":51,"column":1}},"line":39},"3":{"name":"(anonymous_3)","decl":{"start":{"line":52,"column":19},"end":{"line":52,"column":20}},"loc":{"start":{"line":52,"column":35},"end":{"line":69,"column":1}},"line":52},"4":{"name":"(anonymous_4)","decl":{"start":{"line":70,"column":15},"end":{"line":70,"column":16}},"loc":{"start":{"line":70,"column":31},"end":{"line":77,"column":1}},"line":70},"5":{"name":"(anonymous_5)","decl":{"start":{"line":78,"column":13},"end":{"line":78,"column":14}},"loc":{"start":{"line":78,"column":29},"end":{"line":85,"column":1}},"line":78}},"branchMap":{"0":{"loc":{"start":{"line":8,"column":8},"end":{"line":10,"column":9}},"type":"if","locations":[{"start":{"line":8,"column":8},"end":{"line":10,"column":9}},{"start":{},"end":{}}],"line":8},"1":{"loc":{"start":{"line":42,"column":8},"end":{"line":46,"column":9}},"type":"if","locations":[{"start":{"line":42,"column":8},"end":{"line":46,"column":9}},{"start":{},"end":{}}],"line":42}},"s":{"0":1,"1":1,"2":1,"3":1,"4":0,"5":0,"6":0,"7":0,"8":0,"9":0,"10":0,"11":0,"12":0,"13":0,"14":0,"15":0,"16":1,"17":0,"18":0,"19":0,"20":0,"21":1,"22":0,"23":0,"24":0,"25":0,"26":0,"27":0,"28":0,"29":1,"30":0,"31":0,"32":0,"33":0,"34":0,"35":0,"36":0,"37":1,"38":0,"39":0,"40":0,"41":0,"42":1,"43":0,"44":0,"45":0,"46":0},"f":{"0":0,"1":0,"2":0,"3":0,"4":0,"5":0},"b":{"0":[0,0],"1":[0,0]},"_coverageSchema":"1a1c01bbd47fc00a2c39e90264f33305004495a9","hash":"39003dde5e67c5fdb3a7ef228a87e7374d154ebf"}
,"/Users/andelarwanda/Desktop/klab-Api/controllers/userController.js": {"path":"/Users/andelarwanda/Desktop/klab-Api/controllers/userController.js","statementMap":{"0":{"start":{"line":1,"column":11},"end":{"line":1,"column":36}},"1":{"start":{"line":3,"column":0},"end":{"line":10,"column":1}},"2":{"start":{"line":4,"column":4},"end":{"line":9,"column":5}},"3":{"start":{"line":5,"column":19},"end":{"line":5,"column":36}},"4":{"start":{"line":6,"column":8},"end":{"line":6,"column":61}},"5":{"start":{"line":8,"column":8},"end":{"line":8,"column":51}},"6":{"start":{"line":11,"column":0},"end":{"line":18,"column":1}},"7":{"start":{"line":12,"column":4},"end":{"line":17,"column":5}},"8":{"start":{"line":13,"column":19},"end":{"line":13,"column":53}},"9":{"start":{"line":14,"column":8},"end":{"line":14,"column":62}},"10":{"start":{"line":16,"column":8},"end":{"line":16,"column":51}},"11":{"start":{"line":19,"column":0},"end":{"line":26,"column":1}},"12":{"start":{"line":20,"column":4},"end":{"line":25,"column":5}},"13":{"start":{"line":21,"column":19},"end":{"line":21,"column":62}},"14":{"start":{"line":22,"column":8},"end":{"line":22,"column":67}},"15":{"start":{"line":24,"column":8},"end":{"line":24,"column":51}},"16":{"start":{"line":27,"column":0},"end":{"line":36,"column":1}},"17":{"start":{"line":28,"column":4},"end":{"line":35,"column":5}},"18":{"start":{"line":29,"column":26},"end":{"line":31,"column":21}},"19":{"start":{"line":32,"column":8},"end":{"line":32,"column":84}},"20":{"start":{"line":34,"column":8},"end":{"line":34,"column":51}}},"fnMap":{"0":{"name":"(anonymous_0)","decl":{"start":{"line":3,"column":15},"end":{"line":3,"column":16}},"loc":{"start":{"line":3,"column":31},"end":{"line":10,"column":1}},"line":3},"1":{"name":"(anonymous_1)","decl":{"start":{"line":11,"column":16},"end":{"line":11,"column":17}},"loc":{"start":{"line":11,"column":32},"end":{"line":18,"column":1}},"line":11},"2":{"name":"(anonymous_2)","decl":{"start":{"line":19,"column":19},"end":{"line":19,"column":20}},"loc":{"start":{"line":19,"column":35},"end":{"line":26,"column":1}},"line":19},"3":{"name":"(anonymous_3)","decl":{"start":{"line":27,"column":19},"end":{"line":27,"column":20}},"loc":{"start":{"line":27,"column":35},"end":{"line":36,"column":1}},"line":27}},"branchMap":{},"s":{"0":1,"1":1,"2":1,"3":1,"4":1,"5":0,"6":1,"7":1,"8":1,"9":1,"10":0,"11":1,"12":0,"13":0,"14":0,"15":0,"16":1,"17":1,"18":1,"19":1,"20":0},"f":{"0":1,"1":1,"2":0,"3":1},"b":{},"_coverageSchema":"1a1c01bbd47fc00a2c39e90264f33305004495a9","hash":"b59541595765585f7eab4ccb4cd6c640dba005d6"}
,"/Users/andelarwanda/Desktop/klab-Api/documentation/blogs.docs.js": {"path":"/Users/andelarwanda/Desktop/klab-Api/documentation/blogs.docs.js","statementMap":{"0":{"start":{"line":1,"column":21},"end":{"line":23,"column":1}},"1":{"start":{"line":25,"column":20},"end":{"line":56,"column":1}},"2":{"start":{"line":58,"column":19},"end":{"line":101,"column":1}},"3":{"start":{"line":103,"column":23},"end":{"line":134,"column":1}},"4":{"start":{"line":136,"column":23},"end":{"line":187,"column":1}},"5":{"start":{"line":188,"column":17},"end":{"line":214,"column":1}},"6":{"start":{"line":215,"column":19},"end":{"line":241,"column":1}},"7":{"start":{"line":242,"column":0},"end":{"line":264,"column":1}}},"fnMap":{},"branchMap":{},"s":{"0":1,"1":1,"2":1,"3":1,"4":1,"5":1,"6":1,"7":1},"f":{},"b":{},"_coverageSchema":"1a1c01bbd47fc00a2c39e90264f33305004495a9","hash":"f54d6d98234f8b2aaa0bb88223dc38a6b34b2089"}
,"/Users/andelarwanda/Desktop/klab-Api/documentation/estate.docs.js": {"path":"/Users/andelarwanda/Desktop/klab-Api/documentation/estate.docs.js","statementMap":{"0":{"start":{"line":1,"column":23},"end":{"line":23,"column":1}},"1":{"start":{"line":25,"column":22},"end":{"line":56,"column":1}},"2":{"start":{"line":58,"column":21},"end":{"line":129,"column":1}},"3":{"start":{"line":131,"column":21},"end":{"line":162,"column":1}},"4":{"start":{"line":164,"column":22},"end":{"line":243,"column":1}},"5":{"start":{"line":244,"column":17},"end":{"line":270,"column":1}},"6":{"start":{"line":271,"column":0},"end":{"line":290,"column":1}}},"fnMap":{},"branchMap":{},"s":{"0":1,"1":1,"2":1,"3":1,"4":1,"5":1,"6":1},"f":{},"b":{},"_coverageSchema":"1a1c01bbd47fc00a2c39e90264f33305004495a9","hash":"b82cd8a3b24679a8f6a244a7328500c126fe253c"}
,"/Users/andelarwanda/Desktop/klab-Api/documentation/message.docs.js": {"path":"/Users/andelarwanda/Desktop/klab-Api/documentation/message.docs.js","statementMap":{"0":{"start":{"line":1,"column":24},"end":{"line":23,"column":1}},"1":{"start":{"line":25,"column":20},"end":{"line":73,"column":1}},"2":{"start":{"line":76,"column":23},"end":{"line":107,"column":1}},"3":{"start":{"line":109,"column":26},"end":{"line":140,"column":1}},"4":{"start":{"line":142,"column":26},"end":{"line":199,"column":1}},"5":{"start":{"line":201,"column":0},"end":{"line":217,"column":2}}},"fnMap":{},"branchMap":{},"s":{"0":1,"1":1,"2":1,"3":1,"4":1,"5":1},"f":{},"b":{},"_coverageSchema":"1a1c01bbd47fc00a2c39e90264f33305004495a9","hash":"e609aaf4078d52bdfc49586995e64ccf37304430"}
,"/Users/andelarwanda/Desktop/klab-Api/documentation/swagger.js": {"path":"/Users/andelarwanda/Desktop/klab-Api/documentation/swagger.js","statementMap":{"0":{"start":{"line":1,"column":16},"end":{"line":1,"column":45}},"1":{"start":{"line":2,"column":20},"end":{"line":2,"column":44}},"2":{"start":{"line":3,"column":20},"end":{"line":3,"column":42}},"3":{"start":{"line":4,"column":20},"end":{"line":4,"column":43}},"4":{"start":{"line":5,"column":23},"end":{"line":5,"column":48}},"5":{"start":{"line":6,"column":22},"end":{"line":6,"column":46}},"6":{"start":{"line":8,"column":16},"end":{"line":46,"column":1}},"7":{"start":{"line":47,"column":20},"end":{"line":47,"column":42}},"8":{"start":{"line":48,"column":20},"end":{"line":54,"column":1}},"9":{"start":{"line":49,"column":2},"end":{"line":49,"column":75}},"10":{"start":{"line":50,"column":2},"end":{"line":53,"column":5}},"11":{"start":{"line":51,"column":4},"end":{"line":51,"column":54}},"12":{"start":{"line":52,"column":4},"end":{"line":52,"column":26}},"13":{"start":{"line":56,"column":0},"end":{"line":56,"column":28}}},"fnMap":{"0":{"name":"(anonymous_0)","decl":{"start":{"line":48,"column":20},"end":{"line":48,"column":21}},"loc":{"start":{"line":48,"column":29},"end":{"line":54,"column":1}},"line":48},"1":{"name":"(anonymous_1)","decl":{"start":{"line":50,"column":33},"end":{"line":50,"column":34}},"loc":{"start":{"line":50,"column":47},"end":{"line":53,"column":3}},"line":50}},"branchMap":{},"s":{"0":1,"1":1,"2":1,"3":1,"4":1,"5":1,"6":1,"7":1,"8":1,"9":1,"10":1,"11":0,"12":0,"13":1},"f":{"0":1,"1":0},"b":{},"_coverageSchema":"1a1c01bbd47fc00a2c39e90264f33305004495a9","hash":"49373ae8fffec69417a86fda1ad9f8b2ded96c8a"}
,"/Users/andelarwanda/Desktop/klab-Api/documentation/user.docs.js": {"path":"/Users/andelarwanda/Desktop/klab-Api/documentation/user.docs.js","statementMap":{"0":{"start":{"line":1,"column":21},"end":{"line":23,"column":1}},"1":{"start":{"line":25,"column":19},"end":{"line":73,"column":1}},"2":{"start":{"line":75,"column":14},"end":{"line":113,"column":1}},"3":{"start":{"line":115,"column":20},"end":{"line":146,"column":1}},"4":{"start":{"line":148,"column":23},"end":{"line":179,"column":1}},"5":{"start":{"line":181,"column":23},"end":{"line":228,"column":1}},"6":{"start":{"line":229,"column":0},"end":{"line":248,"column":2}}},"fnMap":{},"branchMap":{},"s":{"0":1,"1":1,"2":1,"3":1,"4":1,"5":1,"6":1},"f":{},"b":{},"_coverageSchema":"1a1c01bbd47fc00a2c39e90264f33305004495a9","hash":"68b1c6d8bc67b457e1a21590faf450d562b649d6"}
,"/Users/andelarwanda/Desktop/klab-Api/helpers/cloudinary.js": {"path":"/Users/andelarwanda/Desktop/klab-Api/helpers/cloudinary.js","statementMap":{"0":{"start":{"line":1,"column":17},"end":{"line":1,"column":38}},"1":{"start":{"line":2,"column":13},"end":{"line":2,"column":30}},"2":{"start":{"line":4,"column":0},"end":{"line":4,"column":16}},"3":{"start":{"line":6,"column":0},"end":{"line":10,"column":3}},"4":{"start":{"line":11,"column":0},"end":{"line":11,"column":27}}},"fnMap":{},"branchMap":{},"s":{"0":1,"1":1,"2":1,"3":1,"4":1},"f":{},"b":{},"_coverageSchema":"1a1c01bbd47fc00a2c39e90264f33305004495a9","hash":"75455a6924f9c68ac4aabdec12781b2d130954c9"}
,"/Users/andelarwanda/Desktop/klab-Api/helpers/email.js": {"path":"/Users/andelarwanda/Desktop/klab-Api/helpers/email.js","statementMap":{"0":{"start":{"line":2,"column":18},"end":{"line":2,"column":39}},"1":{"start":{"line":3,"column":14},"end":{"line":3,"column":31}},"2":{"start":{"line":4,"column":0},"end":{"line":4,"column":15}},"3":{"start":{"line":6,"column":0},"end":{"line":35,"column":1}},"4":{"start":{"line":7,"column":24},"end":{"line":16,"column":6}},"5":{"start":{"line":18,"column":19},"end":{"line":23,"column":7}},"6":{"start":{"line":25,"column":6},"end":{"line":34,"column":7}},"7":{"start":{"line":26,"column":26},"end":{"line":31,"column":10}},"8":{"start":{"line":27,"column":12},"end":{"line":29,"column":13}},"9":{"start":{"line":28,"column":16},"end":{"line":28,"column":38}},"10":{"start":{"line":30,"column":12},"end":{"line":30,"column":28}},"11":{"start":{"line":33,"column":8},"end":{"line":33,"column":21}}},"fnMap":{"0":{"name":"(anonymous_0)","decl":{"start":{"line":6,"column":17},"end":{"line":6,"column":18}},"loc":{"start":{"line":6,"column":47},"end":{"line":35,"column":1}},"line":6},"1":{"name":"(anonymous_1)","decl":{"start":{"line":26,"column":56},"end":{"line":26,"column":57}},"loc":{"start":{"line":26,"column":71},"end":{"line":31,"column":9}},"line":26}},"branchMap":{"0":{"loc":{"start":{"line":27,"column":12},"end":{"line":29,"column":13}},"type":"if","locations":[{"start":{"line":27,"column":12},"end":{"line":29,"column":13}},{"start":{},"end":{}}],"line":27}},"s":{"0":1,"1":1,"2":1,"3":1,"4":0,"5":0,"6":0,"7":0,"8":0,"9":0,"10":0,"11":0},"f":{"0":0,"1":0},"b":{"0":[0,0]},"_coverageSchema":"1a1c01bbd47fc00a2c39e90264f33305004495a9","hash":"c8ca6e1aef8be479d5829f9bdd926eea39ffc854"}
,"/Users/andelarwanda/Desktop/klab-Api/helpers/jwt.js": {"path":"/Users/andelarwanda/Desktop/klab-Api/helpers/jwt.js","statementMap":{"0":{"start":{"line":1,"column":10},"end":{"line":1,"column":33}},"1":{"start":{"line":2,"column":13},"end":{"line":2,"column":30}},"2":{"start":{"line":4,"column":0},"end":{"line":4,"column":16}},"3":{"start":{"line":6,"column":0},"end":{"line":6,"column":65}},"4":{"start":{"line":6,"column":24},"end":{"line":6,"column":64}},"5":{"start":{"line":7,"column":0},"end":{"line":7,"column":69}},"6":{"start":{"line":7,"column":26},"end":{"line":7,"column":68}}},"fnMap":{"0":{"name":"(anonymous_0)","decl":{"start":{"line":6,"column":13},"end":{"line":6,"column":14}},"loc":{"start":{"line":6,"column":24},"end":{"line":6,"column":64}},"line":6},"1":{"name":"(anonymous_1)","decl":{"start":{"line":7,"column":15},"end":{"line":7,"column":16}},"loc":{"start":{"line":7,"column":26},"end":{"line":7,"column":68}},"line":7}},"branchMap":{},"s":{"0":1,"1":1,"2":1,"3":1,"4":1,"5":1,"6":2},"f":{"0":1,"1":2},"b":{},"_coverageSchema":"1a1c01bbd47fc00a2c39e90264f33305004495a9","hash":"1859b4b5459a9992fbb12b222b186ace26f90b1d"}
,"/Users/andelarwanda/Desktop/klab-Api/helpers/multer.js": {"path":"/Users/andelarwanda/Desktop/klab-Api/helpers/multer.js","statementMap":{"0":{"start":{"line":1,"column":13},"end":{"line":1,"column":30}},"1":{"start":{"line":2,"column":11},"end":{"line":2,"column":26}},"2":{"start":{"line":4,"column":0},"end":{"line":17,"column":3}},"3":{"start":{"line":7,"column":8},"end":{"line":7,"column":34}},"4":{"start":{"line":10,"column":24},"end":{"line":10,"column":55}},"5":{"start":{"line":11,"column":8},"end":{"line":14,"column":9}},"6":{"start":{"line":12,"column":12},"end":{"line":12,"column":53}},"7":{"start":{"line":13,"column":12},"end":{"line":13,"column":19}},"8":{"start":{"line":15,"column":8},"end":{"line":15,"column":22}}},"fnMap":{"0":{"name":"(anonymous_0)","decl":{"start":{"line":6,"column":13},"end":{"line":6,"column":14}},"loc":{"start":{"line":6,"column":29},"end":{"line":8,"column":5}},"line":6},"1":{"name":"(anonymous_1)","decl":{"start":{"line":9,"column":15},"end":{"line":9,"column":16}},"loc":{"start":{"line":9,"column":31},"end":{"line":16,"column":5}},"line":9}},"branchMap":{"0":{"loc":{"start":{"line":11,"column":8},"end":{"line":14,"column":9}},"type":"if","locations":[{"start":{"line":11,"column":8},"end":{"line":14,"column":9}},{"start":{},"end":{}}],"line":11},"1":{"loc":{"start":{"line":11,"column":11},"end":{"line":11,"column":82}},"type":"binary-expr","locations":[{"start":{"line":11,"column":11},"end":{"line":11,"column":32}},{"start":{"line":11,"column":36},"end":{"line":11,"column":58}},{"start":{"line":11,"column":62},"end":{"line":11,"column":82}}],"line":11}},"s":{"0":1,"1":1,"2":1,"3":0,"4":0,"5":0,"6":0,"7":0,"8":0},"f":{"0":0,"1":0},"b":{"0":[0,0],"1":[0,0,0]},"_coverageSchema":"1a1c01bbd47fc00a2c39e90264f33305004495a9","hash":"f0ed5100ec253dd57206b47897a2087860030cb9"}
,"/Users/andelarwanda/Desktop/klab-Api/middleware/auth.js": {"path":"/Users/andelarwanda/Desktop/klab-Api/middleware/auth.js","statementMap":{"0":{"start":{"line":1,"column":14},"end":{"line":1,"column":39}},"1":{"start":{"line":3,"column":18},"end":{"line":20,"column":1}},"2":{"start":{"line":4,"column":4},"end":{"line":19,"column":5}},"3":{"start":{"line":5,"column":26},"end":{"line":5,"column":72}},"4":{"start":{"line":6,"column":8},"end":{"line":8,"column":9}},"5":{"start":{"line":7,"column":12},"end":{"line":7,"column":81}},"6":{"start":{"line":9,"column":20},"end":{"line":9,"column":44}},"7":{"start":{"line":10,"column":8},"end":{"line":12,"column":9}},"8":{"start":{"line":11,"column":11},"end":{"line":11,"column":80}},"9":{"start":{"line":13,"column":23},"end":{"line":13,"column":43}},"10":{"start":{"line":14,"column":8},"end":{"line":14,"column":26}},"11":{"start":{"line":15,"column":8},"end":{"line":15,"column":15}},"12":{"start":{"line":17,"column":8},"end":{"line":17,"column":26}},"13":{"start":{"line":18,"column":8},"end":{"line":18,"column":35}},"14":{"start":{"line":21,"column":27},"end":{"line":30,"column":1}},"15":{"start":{"line":22,"column":4},"end":{"line":29,"column":6}},"16":{"start":{"line":23,"column":8},"end":{"line":28,"column":9}},"17":{"start":{"line":24,"column":12},"end":{"line":24,"column":19}},"18":{"start":{"line":27,"column":8},"end":{"line":27,"column":35}},"19":{"start":{"line":31,"column":0},"end":{"line":31,"column":47}}},"fnMap":{"0":{"name":"(anonymous_0)","decl":{"start":{"line":3,"column":18},"end":{"line":3,"column":19}},"loc":{"start":{"line":3,"column":39},"end":{"line":20,"column":1}},"line":3},"1":{"name":"(anonymous_1)","decl":{"start":{"line":21,"column":27},"end":{"line":21,"column":28}},"loc":{"start":{"line":21,"column":44},"end":{"line":30,"column":1}},"line":21},"2":{"name":"(anonymous_2)","decl":{"start":{"line":22,"column":24},"end":{"line":22,"column":25}},"loc":{"start":{"line":22,"column":29},"end":{"line":29,"column":5}},"line":22}},"branchMap":{"0":{"loc":{"start":{"line":5,"column":26},"end":{"line":5,"column":72}},"type":"binary-expr","locations":[{"start":{"line":5,"column":26},"end":{"line":5,"column":51}},{"start":{"line":5,"column":55},"end":{"line":5,"column":72}}],"line":5},"1":{"loc":{"start":{"line":6,"column":8},"end":{"line":8,"column":9}},"type":"if","locations":[{"start":{"line":6,"column":8},"end":{"line":8,"column":9}},{"start":{},"end":{}}],"line":6},"2":{"loc":{"start":{"line":10,"column":8},"end":{"line":12,"column":9}},"type":"if","locations":[{"start":{"line":10,"column":8},"end":{"line":12,"column":9}},{"start":{},"end":{}}],"line":10},"3":{"loc":{"start":{"line":23,"column":8},"end":{"line":28,"column":9}},"type":"if","locations":[{"start":{"line":23,"column":8},"end":{"line":28,"column":9}},{"start":{"line":26,"column":12},"end":{"line":28,"column":9}}],"line":23}},"s":{"0":1,"1":1,"2":2,"3":2,"4":2,"5":0,"6":2,"7":2,"8":0,"9":2,"10":2,"11":2,"12":0,"13":0,"14":1,"15":0,"16":0,"17":0,"18":0,"19":1},"f":{"0":2,"1":0,"2":0},"b":{"0":[2,2],"1":[0,2],"2":[0,2],"3":[0,0]},"_coverageSchema":"1a1c01bbd47fc00a2c39e90264f33305004495a9","hash":"20c4e3968f5823ee8adde4b374d76f5685a43770"}
,"/Users/andelarwanda/Desktop/klab-Api/middleware/validate.js": {"path":"/Users/andelarwanda/Desktop/klab-Api/middleware/validate.js","statementMap":{"0":{"start":{"line":1,"column":17},"end":{"line":13,"column":1}},"1":{"start":{"line":2,"column":4},"end":{"line":12,"column":5}},"2":{"start":{"line":3,"column":24},"end":{"line":3,"column":49}},"3":{"start":{"line":4,"column":8},"end":{"line":10,"column":9}},"4":{"start":{"line":5,"column":29},"end":{"line":5,"column":65}},"5":{"start":{"line":6,"column":12},"end":{"line":9,"column":15}},"6":{"start":{"line":11,"column":8},"end":{"line":11,"column":15}},"7":{"start":{"line":14,"column":0},"end":{"line":14,"column":25}}},"fnMap":{"0":{"name":"(anonymous_0)","decl":{"start":{"line":1,"column":17},"end":{"line":1,"column":18}},"loc":{"start":{"line":1,"column":29},"end":{"line":13,"column":1}},"line":1},"1":{"name":"(anonymous_1)","decl":{"start":{"line":2,"column":10},"end":{"line":2,"column":11}},"loc":{"start":{"line":2,"column":27},"end":{"line":12,"column":5}},"line":2}},"branchMap":{"0":{"loc":{"start":{"line":4,"column":8},"end":{"line":10,"column":9}},"type":"if","locations":[{"start":{"line":4,"column":8},"end":{"line":10,"column":9}},{"start":{},"end":{}}],"line":4}},"s":{"0":1,"1":3,"2":3,"3":3,"4":0,"5":0,"6":3,"7":1},"f":{"0":3,"1":3},"b":{"0":[0,3]},"_coverageSchema":"1a1c01bbd47fc00a2c39e90264f33305004495a9","hash":"5a26f7c225a533dbc83a8b9b7daa871ede85772e"}
,"/Users/andelarwanda/Desktop/klab-Api/models/Comment.js": {"path":"/Users/andelarwanda/Desktop/klab-Api/models/Comment.js","statementMap":{"0":{"start":{"line":1,"column":17},"end":{"line":1,"column":36}},"1":{"start":{"line":3,"column":23},"end":{"line":19,"column":2}},"2":{"start":{"line":20,"column":16},"end":{"line":20,"column":57}},"3":{"start":{"line":21,"column":0},"end":{"line":21,"column":22}}},"fnMap":{},"branchMap":{},"s":{"0":1,"1":1,"2":1,"3":1},"f":{},"b":{},"_coverageSchema":"1a1c01bbd47fc00a2c39e90264f33305004495a9","hash":"3a1fd4941f67ceb176f819123f590d69d0eb6752"}
,"/Users/andelarwanda/Desktop/klab-Api/models/Estate.js": {"path":"/Users/andelarwanda/Desktop/klab-Api/models/Estate.js","statementMap":{"0":{"start":{"line":1,"column":15},"end":{"line":1,"column":34}},"1":{"start":{"line":3,"column":19},"end":{"line":60,"column":2}},"2":{"start":{"line":61,"column":13},"end":{"line":61,"column":50}},"3":{"start":{"line":62,"column":0},"end":{"line":62,"column":22}}},"fnMap":{},"branchMap":{},"s":{"0":1,"1":1,"2":1,"3":1},"f":{},"b":{},"_coverageSchema":"1a1c01bbd47fc00a2c39e90264f33305004495a9","hash":"a4ba3ee4bf2228960cd631fa44d0c202045ecf7f"}
,"/Users/andelarwanda/Desktop/klab-Api/models/Message.js": {"path":"/Users/andelarwanda/Desktop/klab-Api/models/Message.js","statementMap":{"0":{"start":{"line":1,"column":15},"end":{"line":1,"column":34}},"1":{"start":{"line":3,"column":20},"end":{"line":23,"column":2}},"2":{"start":{"line":24,"column":14},"end":{"line":24,"column":53}},"3":{"start":{"line":26,"column":0},"end":{"line":26,"column":23}}},"fnMap":{},"branchMap":{},"s":{"0":1,"1":1,"2":1,"3":1},"f":{},"b":{},"_coverageSchema":"1a1c01bbd47fc00a2c39e90264f33305004495a9","hash":"882fa6e99277dd3265cfc10f901dd98f867fbe21"}
,"/Users/andelarwanda/Desktop/klab-Api/models/Post.js": {"path":"/Users/andelarwanda/Desktop/klab-Api/models/Post.js","statementMap":{"0":{"start":{"line":1,"column":15},"end":{"line":1,"column":34}},"1":{"start":{"line":2,"column":17},"end":{"line":31,"column":20}},"2":{"start":{"line":32,"column":0},"end":{"line":32,"column":49}}},"fnMap":{},"branchMap":{},"s":{"0":1,"1":1,"2":1},"f":{},"b":{},"_coverageSchema":"1a1c01bbd47fc00a2c39e90264f33305004495a9","hash":"b35cfefee1cd73b0b92e73cacd7414c4d89a471d"}
,"/Users/andelarwanda/Desktop/klab-Api/models/User.js": {"path":"/Users/andelarwanda/Desktop/klab-Api/models/User.js","statementMap":{"0":{"start":{"line":1,"column":15},"end":{"line":1,"column":34}},"1":{"start":{"line":3,"column":17},"end":{"line":23,"column":20}},"2":{"start":{"line":25,"column":0},"end":{"line":25,"column":49}}},"fnMap":{},"branchMap":{},"s":{"0":1,"1":1,"2":1},"f":{},"b":{},"_coverageSchema":"1a1c01bbd47fc00a2c39e90264f33305004495a9","hash":"0d0d3ad11951dda8d09828edeb9e3fdb53b76142"}
,"/Users/andelarwanda/Desktop/klab-Api/routes/auth.js": {"path":"/Users/andelarwanda/Desktop/klab-Api/routes/auth.js","statementMap":{"0":{"start":{"line":1,"column":13},"end":{"line":1,"column":40}},"1":{"start":{"line":2,"column":11},"end":{"line":2,"column":36}},"2":{"start":{"line":3,"column":13},"end":{"line":3,"column":30}},"3":{"start":{"line":4,"column":11},"end":{"line":4,"column":36}},"4":{"start":{"line":5,"column":17},"end":{"line":5,"column":50}},"5":{"start":{"line":6,"column":35},"end":{"line":6,"column":71}},"6":{"start":{"line":8,"column":0},"end":{"line":24,"column":2}},"7":{"start":{"line":9,"column":4},"end":{"line":23,"column":5}},"8":{"start":{"line":10,"column":19},"end":{"line":10,"column":43}},"9":{"start":{"line":11,"column":29},"end":{"line":11,"column":70}},"10":{"start":{"line":12,"column":19},"end":{"line":17,"column":10}},"11":{"start":{"line":19,"column":8},"end":{"line":19,"column":26}},"12":{"start":{"line":20,"column":8},"end":{"line":20,"column":41}},"13":{"start":{"line":22,"column":8},"end":{"line":22,"column":82}},"14":{"start":{"line":25,"column":0},"end":{"line":36,"column":2}},"15":{"start":{"line":26,"column":4},"end":{"line":35,"column":5}},"16":{"start":{"line":27,"column":19},"end":{"line":27,"column":61}},"17":{"start":{"line":28,"column":8},"end":{"line":28,"column":71}},"18":{"start":{"line":28,"column":18},"end":{"line":28,"column":71}},"19":{"start":{"line":29,"column":24},"end":{"line":29,"column":77}},"20":{"start":{"line":30,"column":8},"end":{"line":30,"column":81}},"21":{"start":{"line":30,"column":24},"end":{"line":30,"column":81}},"22":{"start":{"line":31,"column":26},"end":{"line":31,"column":65}},"23":{"start":{"line":32,"column":8},"end":{"line":32,"column":100}},"24":{"start":{"line":34,"column":7},"end":{"line":34,"column":81}},"25":{"start":{"line":37,"column":0},"end":{"line":37,"column":22}}},"fnMap":{"0":{"name":"(anonymous_0)","decl":{"start":{"line":8,"column":49},"end":{"line":8,"column":50}},"loc":{"start":{"line":8,"column":65},"end":{"line":24,"column":1}},"line":8},"1":{"name":"(anonymous_1)","decl":{"start":{"line":25,"column":43},"end":{"line":25,"column":44}},"loc":{"start":{"line":25,"column":59},"end":{"line":36,"column":1}},"line":25}},"branchMap":{"0":{"loc":{"start":{"line":28,"column":8},"end":{"line":28,"column":71}},"type":"if","locations":[{"start":{"line":28,"column":8},"end":{"line":28,"column":71}},{"start":{},"end":{}}],"line":28},"1":{"loc":{"start":{"line":30,"column":8},"end":{"line":30,"column":81}},"type":"if","locations":[{"start":{"line":30,"column":8},"end":{"line":30,"column":81}},{"start":{},"end":{}}],"line":30}},"s":{"0":1,"1":1,"2":1,"3":1,"4":1,"5":1,"6":1,"7":1,"8":1,"9":1,"10":1,"11":1,"12":1,"13":0,"14":1,"15":2,"16":2,"17":2,"18":1,"19":1,"20":1,"21":0,"22":1,"23":1,"24":0,"25":1},"f":{"0":1,"1":2},"b":{"0":[1,1],"1":[0,1]},"_coverageSchema":"1a1c01bbd47fc00a2c39e90264f33305004495a9","hash":"b7bb97d313b14fe4f93d1e604cb8bcbcb7510ede"}
,"/Users/andelarwanda/Desktop/klab-Api/routes/estate.js": {"path":"/Users/andelarwanda/Desktop/klab-Api/routes/estate.js","statementMap":{"0":{"start":{"line":1,"column":13},"end":{"line":1,"column":40}},"1":{"start":{"line":2,"column":23},"end":{"line":2,"column":65}},"2":{"start":{"line":3,"column":21},"end":{"line":3,"column":61}},"3":{"start":{"line":4,"column":13},"end":{"line":4,"column":41}},"4":{"start":{"line":5,"column":18},"end":{"line":5,"column":47}},"5":{"start":{"line":7,"column":0},"end":{"line":7,"column":107}},"6":{"start":{"line":8,"column":0},"end":{"line":8,"column":40}},"7":{"start":{"line":9,"column":0},"end":{"line":9,"column":46}},"8":{"start":{"line":10,"column":0},"end":{"line":10,"column":59}},"9":{"start":{"line":11,"column":0},"end":{"line":11,"column":111}},"10":{"start":{"line":12,"column":0},"end":{"line":12,"column":77}},"11":{"start":{"line":13,"column":0},"end":{"line":13,"column":22}}},"fnMap":{},"branchMap":{},"s":{"0":1,"1":1,"2":1,"3":1,"4":1,"5":1,"6":1,"7":1,"8":1,"9":1,"10":1,"11":1},"f":{},"b":{},"_coverageSchema":"1a1c01bbd47fc00a2c39e90264f33305004495a9","hash":"5934efd5bda72c1b56f938f7304464daa5dcdf11"}
,"/Users/andelarwanda/Desktop/klab-Api/routes/messages.js": {"path":"/Users/andelarwanda/Desktop/klab-Api/routes/messages.js","statementMap":{"0":{"start":{"line":1,"column":13},"end":{"line":1,"column":40}},"1":{"start":{"line":2,"column":24},"end":{"line":2,"column":67}},"2":{"start":{"line":4,"column":0},"end":{"line":4,"column":48}},"3":{"start":{"line":5,"column":0},"end":{"line":5,"column":47}},"4":{"start":{"line":6,"column":0},"end":{"line":6,"column":54}},"5":{"start":{"line":7,"column":0},"end":{"line":7,"column":53}},"6":{"start":{"line":8,"column":0},"end":{"line":8,"column":46}},"7":{"start":{"line":9,"column":0},"end":{"line":9,"column":22}}},"fnMap":{},"branchMap":{},"s":{"0":1,"1":1,"2":1,"3":1,"4":1,"5":1,"6":1,"7":1},"f":{},"b":{},"_coverageSchema":"1a1c01bbd47fc00a2c39e90264f33305004495a9","hash":"830817f57ee11ef70822bab0358fbf58ef790fdc"}
,"/Users/andelarwanda/Desktop/klab-Api/routes/post.js": {"path":"/Users/andelarwanda/Desktop/klab-Api/routes/post.js","statementMap":{"0":{"start":{"line":1,"column":13},"end":{"line":1,"column":40}},"1":{"start":{"line":2,"column":21},"end":{"line":2,"column":61}},"2":{"start":{"line":3,"column":18},"end":{"line":3,"column":47}},"3":{"start":{"line":4,"column":13},"end":{"line":4,"column":41}},"4":{"start":{"line":5,"column":26},"end":{"line":5,"column":69}},"5":{"start":{"line":6,"column":23},"end":{"line":6,"column":63}},"6":{"start":{"line":7,"column":19},"end":{"line":7,"column":55}},"7":{"start":{"line":8,"column":17},"end":{"line":8,"column":50}},"8":{"start":{"line":11,"column":0},"end":{"line":11,"column":127}},"9":{"start":{"line":12,"column":0},"end":{"line":12,"column":38}},"10":{"start":{"line":13,"column":0},"end":{"line":13,"column":42}},"11":{"start":{"line":14,"column":0},"end":{"line":14,"column":115}},"12":{"start":{"line":15,"column":0},"end":{"line":15,"column":86}},"13":{"start":{"line":16,"column":0},"end":{"line":16,"column":70}},"14":{"start":{"line":17,"column":0},"end":{"line":17,"column":85}},"15":{"start":{"line":18,"column":0},"end":{"line":18,"column":22}}},"fnMap":{},"branchMap":{},"s":{"0":1,"1":1,"2":1,"3":1,"4":1,"5":1,"6":1,"7":1,"8":1,"9":1,"10":1,"11":1,"12":1,"13":1,"14":1,"15":1},"f":{},"b":{},"_coverageSchema":"1a1c01bbd47fc00a2c39e90264f33305004495a9","hash":"fd22685a56d7826bdd544d2651deee90a5bd86fc"}
,"/Users/andelarwanda/Desktop/klab-Api/routes/user.js": {"path":"/Users/andelarwanda/Desktop/klab-Api/routes/user.js","statementMap":{"0":{"start":{"line":1,"column":13},"end":{"line":1,"column":40}},"1":{"start":{"line":2,"column":18},"end":{"line":2,"column":47}},"2":{"start":{"line":3,"column":21},"end":{"line":3,"column":61}},"3":{"start":{"line":5,"column":0},"end":{"line":5,"column":65}},"4":{"start":{"line":6,"column":0},"end":{"line":6,"column":66}},"5":{"start":{"line":7,"column":0},"end":{"line":7,"column":86}},"6":{"start":{"line":8,"column":0},"end":{"line":8,"column":52}},"7":{"start":{"line":10,"column":0},"end":{"line":10,"column":22}}},"fnMap":{},"branchMap":{},"s":{"0":1,"1":1,"2":1,"3":1,"4":1,"5":1,"6":1,"7":1},"f":{},"b":{},"_coverageSchema":"1a1c01bbd47fc00a2c39e90264f33305004495a9","hash":"06d24ca02f1e22c45beef3c1a1fdf8deac695720"}
,"/Users/andelarwanda/Desktop/klab-Api/validations/blogSchema.js": {"path":"/Users/andelarwanda/Desktop/klab-Api/validations/blogSchema.js","statementMap":{"0":{"start":{"line":1,"column":10},"end":{"line":1,"column":24}},"1":{"start":{"line":2,"column":19},"end":{"line":5,"column":2}},"2":{"start":{"line":6,"column":0},"end":{"line":6,"column":27}}},"fnMap":{},"branchMap":{},"s":{"0":1,"1":1,"2":1},"f":{},"b":{},"_coverageSchema":"1a1c01bbd47fc00a2c39e90264f33305004495a9","hash":"16e8472f9bd7f10ce5cf7eaac6c775b905e5ff76"}
,"/Users/andelarwanda/Desktop/klab-Api/validations/userSchema.js": {"path":"/Users/andelarwanda/Desktop/klab-Api/validations/userSchema.js","statementMap":{"0":{"start":{"line":1,"column":10},"end":{"line":1,"column":24}},"1":{"start":{"line":2,"column":23},"end":{"line":7,"column":2}},"2":{"start":{"line":8,"column":20},"end":{"line":11,"column":2}},"3":{"start":{"line":12,"column":0},"end":{"line":12,"column":43}}},"fnMap":{},"branchMap":{},"s":{"0":1,"1":1,"2":1,"3":1},"f":{},"b":{},"_coverageSchema":"1a1c01bbd47fc00a2c39e90264f33305004495a9","hash":"84153d5434cd3feade4d0b071578e61647ab190d"}
}
